<?xml version="1.0" encoding="UTF-8"?>
<!-- Generated by org.testng.reporters.JUnitReportReporter -->
<testsuite hostname="Kumuads" failures="0" tests="1" name="com.crm.testcases.TC_SRCreationTest" time="114.391" errors="0" timestamp="16 Aug 2022 07:13:06 GMT" skipped="0">
  <testcase classname="com.crm.testcases.TC_SRCreationTest" name="toverifySRIsGettingCreated" time="114.391"/>
</testsuite> <!-- com.crm.testcases.TC_SRCreationTest -->
